2017/08/07 14:11:02 にビルドを開始しました。
     1>ノード 2 上のプロジェクト "C:\Users\0133752\Documents\Visual Studio 2013\Projects\CANUSB\CANUSB\CANUSB.vcxproj" (Build ターゲット)。
     1>ClCompile:
         C:\Program Files (x86)\Microsoft Visual Studio 12.0\VC\bin\CL.exe /c /I"C:\Users\0133752\Documents\Visual Studio 2013\Projects\fstream\fstream" /Zi /nologo /W3 /WX- /sdl /O2 /Oi /Oy- /GL /D WIN32 /D NDEBUG /D _CONSOLE /D _LIB /D _UNICODE /D UNICODE /Gm- /EHsc /MD /GS /Gy /fp:precise /Zc:wchar_t /Zc:forScope /Fo"Release\\" /Fd"Release\vc120.pdb" /Gd /TP /analyze- /errorReport:prompt main.cpp
         main.cpp
     1>c:\users\0133752\documents\visual studio 2013\projects\canusb\canusb\canusb.hpp(32): warning C4351: 新しい動作: 配列 'CanUsb::flag' の要素は既定で初期化されます
     1>main.cpp(13): warning C4101: 'b2f' : ローカル変数は 1 度も使われていません。
       Link:
         C:\Program Files (x86)\Microsoft Visual Studio 12.0\VC\bin\link.exe /ERRORREPORT:PROMPT /OUT:"C:\Users\0133752\Documents\Visual Studio 2013\Projects\CANUSB\Release\CANUSB.exe" /INCREMENTAL:NO /NOLOGO kernel32.lib user32.lib gdi32.lib winspool.lib comdlg32.lib advapi32.lib shell32.lib ole32.lib oleaut32.lib uuid.lib odbc32.lib odbccp32.lib /MANIFEST /MANIFESTUAC:"level='asInvoker' uiAccess='false'" /manifest:embed /DEBUG /PDB:"C:\Users\0133752\Documents\Visual Studio 2013\Projects\CANUSB\Release\CANUSB.pdb" /SUBSYSTEM:CONSOLE /OPT:REF /OPT:ICF /LTCG /TLBID:1 /DYNAMICBASE /NXCOMPAT /IMPLIB:"C:\Users\0133752\Documents\Visual Studio 2013\Projects\CANUSB\Release\CANUSB.lib" /MACHINE:X86 /SAFESEH Release\main.obj
     1>C:\Users\0133752\Documents\Visual Studio 2013\Projects\CANUSB\CANUSB\borland_canusb.lib : warning LNK4003: ライブラリの形式が無効です。ライブラリは無視されます。
     1>C:\Users\0133752\Documents\Visual Studio 2013\Projects\CANUSB\CANUSB\borland_canusb.lib : warning LNK4003: ライブラリの形式が無効です。ライブラリは無視されます。
         コード生成しています。
         コード生成が終了しました。
     1>C:\Users\0133752\Documents\Visual Studio 2013\Projects\CANUSB\CANUSB\borland_canusb.lib : warning LNK4003: ライブラリの形式が無効です。ライブラリは無視されます。
     1>C:\Users\0133752\Documents\Visual Studio 2013\Projects\CANUSB\CANUSB\borland_canusb.lib : warning LNK4003: ライブラリの形式が無効です。ライブラリは無視されます。
     1>C:\Users\0133752\Documents\Visual Studio 2013\Projects\CANUSB\CANUSB\borland_canusb.lib : warning LNK4003: ライブラリの形式が無効です。ライブラリは無視されます。
     1>C:\Users\0133752\Documents\Visual Studio 2013\Projects\CANUSB\CANUSB\borland_canusb.lib : warning LNK4003: ライブラリの形式が無効です。ライブラリは無視されます。
         CANUSB.vcxproj -> C:\Users\0133752\Documents\Visual Studio 2013\Projects\CANUSB\Release\CANUSB.exe
     1>プロジェクト "C:\Users\0133752\Documents\Visual Studio 2013\Projects\CANUSB\CANUSB\CANUSB.vcxproj" (Build ターゲット) のビルドが完了しました。

ビルドに成功しました。

経過時間 00:00:01.18
